build/app/intermediates/manifest_merge_blame_file/debug/manifest-merger-blame-debug-report.txt
1<?xml version="1.0" encoding="utf-8"?>
2<manifest xmlns:android="http://schemas.android.com/apk/res/android"
3    package="com.example.HomelessAlone"
4    android:versionCode="1"
5    android:versionName="1.0.0" >
6
7    <uses-sdk
8        android:minSdkVersion="23"
9        android:targetSdkVersion="29" />
10    <!--
11         Flutter needs it to communicate with the running application
12         to allow setting breakpoints, to provide hot reload, etc.
13    -->
14    <uses-permission android:name="android.permission.INTERNET" />
14-->src/debug/AndroidManifest.xml:6:5-66
14-->src/debug/AndroidManifest.xml:6:22-64
15    <!--
16     io.flutter.app.FlutterApplication is an android.app.Application that
17         calls FlutterMain.startInitialization(this); in its onCreate method.
18         In most cases you can leave this as-is, but you if you want to provide
19         additional functionality it is fine to subclass or reimplement
20         FlutterApplication and put your custom class here.
21    -->
22    <uses-permission android:name="android.permission.ACCESS_FINE_LOCATION" />
22-->src/main/AndroidManifest.xml:8:3-77
22-->src/main/AndroidManifest.xml:8:20-74
23    <uses-permission android:name="android.permission.ACCESS_COARSE_LOCATION" /> <!-- Although the *SdkVersion is captured in gradle build files, this is required for non gradle builds -->
23-->src/main/AndroidManifest.xml:9:3-79
23-->src/main/AndroidManifest.xml:9:20-76
24    <!-- <uses-sdk android:minSdkVersion="14" /> -->
25    <uses-permission android:name="android.permission.ACCESS_NETWORK_STATE" />
25-->[com.google.firebase:firebase-firestore:22.0.1] AndroidManifest.xml:13:5-79
25-->[com.google.firebase:firebase-firestore:22.0.1] AndroidManifest.xml:13:22-76
26
27    <uses-feature
27-->[com.google.android.gms:play-services-maps:17.0.0] AndroidManifest.xml:26:5-28:35
28        android:glEsVersion="0x00020000"
28-->[com.google.android.gms:play-services-maps:17.0.0] AndroidManifest.xml:27:9-41
29        android:required="true" />
29-->[com.google.android.gms:play-services-maps:17.0.0] AndroidManifest.xml:28:9-32
30
31    <uses-permission android:name="android.permission.WAKE_LOCK" />
31-->[com.google.android.gms:play-services-measurement-api:18.0.1] AndroidManifest.xml:24:5-68
31-->[com.google.android.gms:play-services-measurement-api:18.0.1] AndroidManifest.xml:24:22-65
32    <uses-permission android:name="com.google.android.finsky.permission.BIND_GET_INSTALL_REFERRER_SERVICE" />
32-->[com.google.android.gms:play-services-measurement:18.0.1] AndroidManifest.xml:26:5-110
32-->[com.google.android.gms:play-services-measurement:18.0.1] AndroidManifest.xml:26:22-107
33
34    <application
34-->src/main/AndroidManifest.xml:10:5-52:19
35        android:name="io.flutter.app.FlutterApplication"
35-->src/main/AndroidManifest.xml:11:9-57
36        android:appComponentFactory="androidx.core.app.CoreComponentFactory"
36-->[androidx.core:core:1.2.0] AndroidManifest.xml:24:18-86
37        android:debuggable="true"
38        android:icon="@mipmap/ic_launcher"
38-->src/main/AndroidManifest.xml:13:9-43
39        android:label="HomelessAlone" >
39-->src/main/AndroidManifest.xml:12:9-38
40        <meta-data
40-->src/main/AndroidManifest.xml:15:9-16:74
41            android:name="com.google.android.geo.API_KEY"
41-->src/main/AndroidManifest.xml:15:20-65
42            android:value="YAIzaSyAHROyyRzVeK2UGYACy2gsao88gl1OybQs" />
42-->src/main/AndroidManifest.xml:16:16-72
43
44        <activity
44-->src/main/AndroidManifest.xml:18:9-46:20
45            android:name="com.example.HomelessAlone.MainActivity"
45-->src/main/AndroidManifest.xml:19:13-41
46            android:configChanges="orientation|keyboardHidden|keyboard|screenSize|smallestScreenSize|locale|layoutDirection|fontScale|screenLayout|density|uiMode"
46-->src/main/AndroidManifest.xml:22:13-163
47            android:hardwareAccelerated="true"
47-->src/main/AndroidManifest.xml:23:13-47
48            android:launchMode="singleTop"
48-->src/main/AndroidManifest.xml:20:13-43
49            android:theme="@style/LaunchTheme"
49-->src/main/AndroidManifest.xml:21:13-47
50            android:windowSoftInputMode="adjustResize" >
50-->src/main/AndroidManifest.xml:24:13-55
51
52            <!--
53                 Specifies an Android theme to apply to this Activity as soon as
54                 the Android process has started. This theme is visible to the user
55                 while the Flutter UI initializes. After that, this theme continues
56                 to determine the Window background behind the Flutter UI.
57            -->
58            <meta-data
58-->src/main/AndroidManifest.xml:29:13-32:17
59                android:name="io.flutter.embedding.android.NormalTheme"
59-->src/main/AndroidManifest.xml:30:15-70
60                android:resource="@style/NormalTheme" />
60-->src/main/AndroidManifest.xml:31:15-52
61            <!--
62                 Displays an Android View that continues showing the launch screen
63                 Drawable until Flutter paints its first frame, then this splash
64                 screen fades out. A splash screen is useful to avoid any visual
65                 gap between the end of Android's launch screen and the painting of
66                 Flutter's first frame.
67            -->
68            <meta-data
68-->src/main/AndroidManifest.xml:38:13-41:17
69                android:name="io.flutter.embedding.android.SplashScreenDrawable"
69-->src/main/AndroidManifest.xml:39:15-79
70                android:resource="@drawable/launch_background" />
70-->src/main/AndroidManifest.xml:40:15-61
71
72            <intent-filter>
72-->src/main/AndroidManifest.xml:42:13-45:29
73                <action android:name="android.intent.action.MAIN" />
73-->src/main/AndroidManifest.xml:43:17-68
73-->src/main/AndroidManifest.xml:43:25-66
74
75                <category android:name="android.intent.category.LAUNCHER" />
75-->src/main/AndroidManifest.xml:44:17-76
75-->src/main/AndroidManifest.xml:44:27-74
76            </intent-filter>
77        </activity>
78        <!--
79             Don't delete the meta-data below.
80             This is used by the Flutter tool to generate GeneratedPluginRegistrant.java
81        -->
82        <meta-data
82-->src/main/AndroidManifest.xml:49:9-51:33
83            android:name="flutterEmbedding"
83-->src/main/AndroidManifest.xml:50:13-44
84            android:value="2" />
84-->src/main/AndroidManifest.xml:51:13-30
85
86        <service
86-->[:cloud_firestore] AndroidManifest.xml:8:9-12:19
87            android:name="com.google.firebase.components.ComponentDiscoveryService"
87-->[:cloud_firestore] AndroidManifest.xml:8:18-89
88            android:directBootAware="true"
88-->[com.google.firebase:firebase-common:19.5.0] AndroidManifest.xml:35:13-43
89            android:exported="false" >
89-->[com.google.firebase:firebase-firestore:22.0.1] AndroidManifest.xml:19:13-37
90            <meta-data
90-->[:cloud_firestore] AndroidManifest.xml:9:13-11:85
91                android:name="com.google.firebase.components:io.flutter.plugins.firebase.cloudfirestore.FlutterFirebaseAppRegistrar"
91-->[:cloud_firestore] AndroidManifest.xml:10:17-133
92                android:value="com.google.firebase.components.ComponentRegistrar" />
92-->[:cloud_firestore] AndroidManifest.xml:11:17-82
93            <meta-data
93-->[:firebase_auth] AndroidManifest.xml:9:13-11:85
94                android:name="com.google.firebase.components:io.flutter.plugins.firebaseauth.FlutterFirebaseAppRegistrar"
94-->[:firebase_auth] AndroidManifest.xml:10:17-122
95                android:value="com.google.firebase.components.ComponentRegistrar" />
95-->[:firebase_auth] AndroidManifest.xml:11:17-82
96            <meta-data
96-->[:firebase_core] AndroidManifest.xml:9:13-11:85
97                android:name="com.google.firebase.components:io.flutter.plugins.firebase.core.FlutterFirebaseAppRegistrar"
97-->[:firebase_core] AndroidManifest.xml:10:17-123
98                android:value="com.google.firebase.components.ComponentRegistrar" />
98-->[:firebase_core] AndroidManifest.xml:11:17-82
99            <meta-data
99-->[com.google.firebase:firebase-firestore:22.0.1] AndroidManifest.xml:20:13-22:85
100                android:name="com.google.firebase.components:com.google.firebase.firestore.FirestoreRegistrar"
100-->[com.google.firebase:firebase-firestore:22.0.1] AndroidManifest.xml:21:17-111
101                android:value="com.google.firebase.components.ComponentRegistrar" />
101-->[com.google.firebase:firebase-firestore:22.0.1] AndroidManifest.xml:22:17-82
102            <meta-data
102-->[com.google.firebase:firebase-auth:20.0.2] AndroidManifest.xml:77:13-79:85
103                android:name="com.google.firebase.components:com.google.firebase.auth.FirebaseAuthRegistrar"
103-->[com.google.firebase:firebase-auth:20.0.2] AndroidManifest.xml:78:17-109
104                android:value="com.google.firebase.components.ComponentRegistrar" />
104-->[com.google.firebase:firebase-auth:20.0.2] AndroidManifest.xml:79:17-82
105            <meta-data
105-->[com.google.android.gms:play-services-measurement-api:18.0.1] AndroidManifest.xml:30:13-32:85
106                android:name="com.google.firebase.components:com.google.firebase.analytics.connector.internal.AnalyticsConnectorRegistrar"
106-->[com.google.android.gms:play-services-measurement-api:18.0.1] AndroidManifest.xml:31:17-139
107                android:value="com.google.firebase.components.ComponentRegistrar" />
107-->[com.google.android.gms:play-services-measurement-api:18.0.1] AndroidManifest.xml:32:17-82
108            <meta-data
108-->[com.google.firebase:firebase-installations:16.3.5] AndroidManifest.xml:18:13-20:85
109                android:name="com.google.firebase.components:com.google.firebase.installations.FirebaseInstallationsRegistrar"
109-->[com.google.firebase:firebase-installations:16.3.5] AndroidManifest.xml:19:17-127
110                android:value="com.google.firebase.components.ComponentRegistrar" />
110-->[com.google.firebase:firebase-installations:16.3.5] AndroidManifest.xml:20:17-82
111            <!--
112                This registrar is not defined in the dynamic-module-support sdk itself to allow non-firebase
113                clients to use it as well, by defining this registrar in their own core/common library.
114            -->
115            <meta-data
115-->[com.google.firebase:firebase-common:19.5.0] AndroidManifest.xml:43:13-45:85
116                android:name="com.google.firebase.components:com.google.firebase.dynamicloading.DynamicLoadingRegistrar"
116-->[com.google.firebase:firebase-common:19.5.0] AndroidManifest.xml:44:17-121
117                android:value="com.google.firebase.components.ComponentRegistrar" />
117-->[com.google.firebase:firebase-common:19.5.0] AndroidManifest.xml:45:17-82
118        </service> <!-- Needs to be explicitly declared on P+ -->
119        <uses-library
119-->[com.google.android.gms:play-services-maps:17.0.0] AndroidManifest.xml:33:9-35:40
120            android:name="org.apache.http.legacy"
120-->[com.google.android.gms:play-services-maps:17.0.0] AndroidManifest.xml:34:13-50
121            android:required="false" />
121-->[com.google.android.gms:play-services-maps:17.0.0] AndroidManifest.xml:35:13-37
122
123        <activity
123-->[com.google.firebase:firebase-auth:20.0.2] AndroidManifest.xml:27:9-44:20
124            android:name="com.google.firebase.auth.internal.GenericIdpActivity"
124-->[com.google.firebase:firebase-auth:20.0.2] AndroidManifest.xml:28:13-80
125            android:excludeFromRecents="true"
125-->[com.google.firebase:firebase-auth:20.0.2] AndroidManifest.xml:29:13-46
126            android:exported="true"
126-->[com.google.firebase:firebase-auth:20.0.2] AndroidManifest.xml:30:13-36
127            android:launchMode="singleTask"
127-->[com.google.firebase:firebase-auth:20.0.2] AndroidManifest.xml:31:13-44
128            android:theme="@android:style/Theme.Translucent.NoTitleBar" >
128-->[com.google.firebase:firebase-auth:20.0.2] AndroidManifest.xml:32:13-72
129            <intent-filter>
129-->[com.google.firebase:firebase-auth:20.0.2] AndroidManifest.xml:33:13-43:29
130                <action android:name="android.intent.action.VIEW" />
130-->[com.google.firebase:firebase-auth:20.0.2] AndroidManifest.xml:34:17-69
130-->[com.google.firebase:firebase-auth:20.0.2] AndroidManifest.xml:34:25-66
131
132                <category android:name="android.intent.category.DEFAULT" />
132-->[com.google.firebase:firebase-auth:20.0.2] AndroidManifest.xml:36:17-76
132-->[com.google.firebase:firebase-auth:20.0.2] AndroidManifest.xml:36:27-73
133                <category android:name="android.intent.category.BROWSABLE" />
133-->[com.google.firebase:firebase-auth:20.0.2] AndroidManifest.xml:37:17-78
133-->[com.google.firebase:firebase-auth:20.0.2] AndroidManifest.xml:37:27-75
134
135                <data
135-->[com.google.firebase:firebase-auth:20.0.2] AndroidManifest.xml:39:17-42:51
136                    android:host="firebase.auth"
136-->[com.google.firebase:firebase-auth:20.0.2] AndroidManifest.xml:40:21-49
137                    android:path="/"
137-->[com.google.firebase:firebase-auth:20.0.2] AndroidManifest.xml:41:21-37
138                    android:scheme="genericidp" />
138-->[com.google.firebase:firebase-auth:20.0.2] AndroidManifest.xml:42:21-48
139            </intent-filter>
140        </activity>
141        <activity
141-->[com.google.firebase:firebase-auth:20.0.2] AndroidManifest.xml:45:9-62:20
142            android:name="com.google.firebase.auth.internal.RecaptchaActivity"
142-->[com.google.firebase:firebase-auth:20.0.2] AndroidManifest.xml:46:13-79
143            android:excludeFromRecents="true"
143-->[com.google.firebase:firebase-auth:20.0.2] AndroidManifest.xml:47:13-46
144            android:exported="true"
144-->[com.google.firebase:firebase-auth:20.0.2] AndroidManifest.xml:48:13-36
145            android:launchMode="singleTask"
145-->[com.google.firebase:firebase-auth:20.0.2] AndroidManifest.xml:49:13-44
146            android:theme="@android:style/Theme.Translucent.NoTitleBar" >
146-->[com.google.firebase:firebase-auth:20.0.2] AndroidManifest.xml:50:13-72
147            <intent-filter>
147-->[com.google.firebase:firebase-auth:20.0.2] AndroidManifest.xml:51:13-61:29
148                <action android:name="android.intent.action.VIEW" />
148-->[com.google.firebase:firebase-auth:20.0.2] AndroidManifest.xml:34:17-69
148-->[com.google.firebase:firebase-auth:20.0.2] AndroidManifest.xml:34:25-66
149
150                <category android:name="android.intent.category.DEFAULT" />
150-->[com.google.firebase:firebase-auth:20.0.2] AndroidManifest.xml:36:17-76
150-->[com.google.firebase:firebase-auth:20.0.2] AndroidManifest.xml:36:27-73
151                <category android:name="android.intent.category.BROWSABLE" />
151-->[com.google.firebase:firebase-auth:20.0.2] AndroidManifest.xml:37:17-78
151-->[com.google.firebase:firebase-auth:20.0.2] AndroidManifest.xml:37:27-75
152
153                <data
153-->[com.google.firebase:firebase-auth:20.0.2] AndroidManifest.xml:39:17-42:51
154                    android:host="firebase.auth"
154-->[com.google.firebase:firebase-auth:20.0.2] AndroidManifest.xml:40:21-49
155                    android:path="/"
155-->[com.google.firebase:firebase-auth:20.0.2] AndroidManifest.xml:41:21-37
156                    android:scheme="recaptcha" />
156-->[com.google.firebase:firebase-auth:20.0.2] AndroidManifest.xml:42:21-48
157            </intent-filter>
158        </activity>
159
160        <service
160-->[com.google.firebase:firebase-auth:20.0.2] AndroidManifest.xml:64:9-73:19
161            android:name="com.google.firebase.auth.api.fallback.service.FirebaseAuthFallbackService"
161-->[com.google.firebase:firebase-auth:20.0.2] AndroidManifest.xml:65:13-101
162            android:enabled="true"
162-->[com.google.firebase:firebase-auth:20.0.2] AndroidManifest.xml:66:13-35
163            android:exported="false" >
163-->[com.google.firebase:firebase-auth:20.0.2] AndroidManifest.xml:67:13-37
164            <intent-filter>
164-->[com.google.firebase:firebase-auth:20.0.2] AndroidManifest.xml:68:13-72:29
165                <action android:name="com.google.firebase.auth.api.gms.service.START" />
165-->[com.google.firebase:firebase-auth:20.0.2] AndroidManifest.xml:69:17-89
165-->[com.google.firebase:firebase-auth:20.0.2] AndroidManifest.xml:69:25-86
166
167                <category android:name="android.intent.category.DEFAULT" />
167-->[com.google.firebase:firebase-auth:20.0.2] AndroidManifest.xml:36:17-76
167-->[com.google.firebase:firebase-auth:20.0.2] AndroidManifest.xml:36:27-73
168            </intent-filter>
169        </service>
170
171        <activity
171-->[com.google.android.gms:play-services-base:17.2.1] AndroidManifest.xml:23:9-26:75
172            android:name="com.google.android.gms.common.api.GoogleApiActivity"
172-->[com.google.android.gms:play-services-base:17.2.1] AndroidManifest.xml:24:13-79
173            android:exported="false"
173-->[com.google.android.gms:play-services-base:17.2.1] AndroidManifest.xml:25:13-37
174            android:theme="@android:style/Theme.Translucent.NoTitleBar" />
174-->[com.google.android.gms:play-services-base:17.2.1] AndroidManifest.xml:26:13-72
175
176        <provider
176-->[com.google.firebase:firebase-common:19.5.0] AndroidManifest.xml:26:9-31:39
177            android:name="com.google.firebase.provider.FirebaseInitProvider"
177-->[com.google.firebase:firebase-common:19.5.0] AndroidManifest.xml:27:13-77
178            android:authorities="com.example.HomelessAlone.firebaseinitprovider"
178-->[com.google.firebase:firebase-common:19.5.0] AndroidManifest.xml:28:13-72
179            android:directBootAware="true"
179-->[com.google.firebase:firebase-common:19.5.0] AndroidManifest.xml:29:13-43
180            android:exported="false"
180-->[com.google.firebase:firebase-common:19.5.0] AndroidManifest.xml:30:13-37
181            android:initOrder="100" />
181-->[com.google.firebase:firebase-common:19.5.0] AndroidManifest.xml:31:13-36
182
183        <receiver
183-->[com.google.android.gms:play-services-measurement:18.0.1] AndroidManifest.xml:29:9-33:20
184            android:name="com.google.android.gms.measurement.AppMeasurementReceiver"
184-->[com.google.android.gms:play-services-measurement:18.0.1] AndroidManifest.xml:30:13-85
185            android:enabled="true"
185-->[com.google.android.gms:play-services-measurement:18.0.1] AndroidManifest.xml:31:13-35
186            android:exported="false" >
186-->[com.google.android.gms:play-services-measurement:18.0.1] AndroidManifest.xml:32:13-37
187        </receiver>
188
189        <service
189-->[com.google.android.gms:play-services-measurement:18.0.1] AndroidManifest.xml:35:9-38:40
190            android:name="com.google.android.gms.measurement.AppMeasurementService"
190-->[com.google.android.gms:play-services-measurement:18.0.1] AndroidManifest.xml:36:13-84
191            android:enabled="true"
191-->[com.google.android.gms:play-services-measurement:18.0.1] AndroidManifest.xml:37:13-35
192            android:exported="false" />
192-->[com.google.android.gms:play-services-measurement:18.0.1] AndroidManifest.xml:38:13-37
193        <service
193-->[com.google.android.gms:play-services-measurement:18.0.1] AndroidManifest.xml:39:9-43:72
194            android:name="com.google.android.gms.measurement.AppMeasurementJobService"
194-->[com.google.android.gms:play-services-measurement:18.0.1] AndroidManifest.xml:40:13-87
195            android:enabled="true"
195-->[com.google.android.gms:play-services-measurement:18.0.1] AndroidManifest.xml:41:13-35
196            android:exported="false"
196-->[com.google.android.gms:play-services-measurement:18.0.1] AndroidManifest.xml:42:13-37
197            android:permission="android.permission.BIND_JOB_SERVICE" />
197-->[com.google.android.gms:play-services-measurement:18.0.1] AndroidManifest.xml:43:13-69
198
199        <meta-data
199-->[com.google.android.gms:play-services-basement:17.2.1] AndroidManifest.xml:23:9-25:69
200            android:name="com.google.android.gms.version"
200-->[com.google.android.gms:play-services-basement:17.2.1] AndroidManifest.xml:24:13-58
201            android:value="@integer/google_play_services_version" />
201-->[com.google.android.gms:play-services-basement:17.2.1] AndroidManifest.xml:25:13-66
202    </application>
203
204</manifest>